<?xml version="1.0" encoding="UTF-8"?>
<!-- Generated by org.testng.reporters.JUnitReportReporter -->
<testsuite hostname="DESKTOP-MULBKCH" failures="0" tests="3" name="learning.FrameworkConcepts.TestNG.ClassFour" time="0.007" errors="0" timestamp="2022-01-27T20:12:50 IST" skipped="0">
  <testcase classname="learning.FrameworkConcepts.TestNG.ClassFour" name="testFourA" time="0.002"/>
  <system-out/>
  <testcase classname="learning.FrameworkConcepts.TestNG.ClassFour" name="testFourC" time="0.004"/>
  <system-out/>
  <testcase classname="learning.FrameworkConcepts.TestNG.ClassFour" name="testFourB" time="0.001"/>
  <system-out/>
</testsuite> <!-- learning.FrameworkConcepts.TestNG.ClassFour -->
