<?xml version="1.0" encoding="UTF-8"?>
<!-- Generated by org.testng.reporters.JUnitReportReporter -->
<testsuite hostname="DESKTOP-MULBKCH" failures="0" tests="2" name="learning.FrameworkConcepts.TestNG.ClassThree" time="0.005" errors="0" timestamp="2022-01-27T20:12:50 IST" skipped="0">
  <testcase classname="learning.FrameworkConcepts.TestNG.ClassThree" name="testThreeB" time="0.001"/>
  <system-out/>
  <testcase classname="learning.FrameworkConcepts.TestNG.ClassThree" name="testThreeA" time="0.004"/>
  <system-out/>
</testsuite> <!-- learning.FrameworkConcepts.TestNG.ClassThree -->
