<?xml version="1.0" encoding="UTF-8"?>
<!-- Generated by org.testng.reporters.JUnitReportReporter -->
<testsuite hostname="DESKTOP-MULBKCH" failures="0" tests="2" name="learning.FrameworkConcepts.TestNG.ClassFive" time="0.003" errors="0" timestamp="2022-01-27T20:12:50 IST" skipped="0">
  <testcase classname="learning.FrameworkConcepts.TestNG.ClassFive" name="testFiveB" time="0.001"/>
  <system-out/>
  <testcase classname="learning.FrameworkConcepts.TestNG.ClassFive" name="testFiveA" time="0.002"/>
  <system-out/>
</testsuite> <!-- learning.FrameworkConcepts.TestNG.ClassFive -->
