<?xml version="1.0" encoding="UTF-8"?>
<!-- Generated by org.testng.reporters.JUnitReportReporter -->
<testsuite hostname="DESKTOP-MULBKCH" failures="0" tests="1" name="learning.FrameworkConcepts.TestNG.ClassOne" time="0.010" errors="0" timestamp="2022-01-27T20:12:50 IST" skipped="0">
  <testcase classname="learning.FrameworkConcepts.TestNG.ClassOne" name="testOne" time="0.010"/>
  <system-out/>
</testsuite> <!-- learning.FrameworkConcepts.TestNG.ClassOne -->
