<?xml version="1.0" encoding="UTF-8"?>
<!-- Generated by org.testng.reporters.JUnitReportReporter -->
<testsuite hostname="DESKTOP-MULBKCH" failures="0" tests="3" name="learning.FrameworkConcepts.TestNG.Paramerization" time="0.020" errors="0" timestamp="2022-01-28T22:29:24 IST" skipped="0">
  <testcase classname="learning.FrameworkConcepts.TestNG.Paramerization" name="loginValidation" time="0.006"/>
  <system-out/>
  <testcase classname="learning.FrameworkConcepts.TestNG.Paramerization" name="loginValidation" time="0.012"/>
  <system-out/>
  <testcase classname="learning.FrameworkConcepts.TestNG.Paramerization" name="loginValidation" time="0.002"/>
  <system-out/>
</testsuite> <!-- learning.FrameworkConcepts.TestNG.Paramerization -->
